time="2025-10-23 16:59:26" level=info msg="shutting down..."
time="2025-10-23 16:59:31" level=info msg="Key: 'CreateVatRateRequest.Month' Error:Field validation for 'Month' failed on the 'required' tag"
time="2025-10-23 16:59:45" level=info msg="shutting down..."
time="2025-10-23 16:59:49" level=info msg="Key: 'CreateVatRateRequest.Month' Error:Field validation for 'Month' failed on the 'required' tag"
time="2025-10-23 16:59:55" level=info msg="Key: 'CreateVatRateRequest.Month' Error:Field validation for 'Month' failed on the 'required' tag"
time="2025-10-23 17:00:18" level=info msg="Key: 'CreateVatRateRequest.Month' Error:Field validation for 'Month' failed on the 'required' tag"
time="2025-10-23 17:00:18" level=info msg="Key: 'CreateVatRateRequest.Month' Error:Field validation for 'Month' failed on the 'required' tag"
time="2025-10-23 17:00:18" level=info msg="Key: 'CreateVatRateRequest.Month' Error:Field validation for 'Month' failed on the 'required' tag"
time="2025-10-23 17:00:19" level=info msg="Key: 'CreateVatRateRequest.Month' Error:Field validation for 'Month' failed on the 'required' tag"
time="2025-10-23 17:00:19" level=info msg="Key: 'CreateVatRateRequest.Month' Error:Field validation for 'Month' failed on the 'required' tag"
time="2025-10-23 17:00:19" level=info msg="Key: 'CreateVatRateRequest.Month' Error:Field validation for 'Month' failed on the 'required' tag"
time="2025-10-23 17:00:20" level=info msg="Key: 'CreateVatRateRequest.Month' Error:Field validation for 'Month' failed on the 'required' tag"
time="2025-10-23 17:00:20" level=info msg="Key: 'CreateVatRateRequest.Month' Error:Field validation for 'Month' failed on the 'required' tag"
time="2025-10-23 17:00:20" level=info msg="Key: 'CreateVatRateRequest.Month' Error:Field validation for 'Month' failed on the 'required' tag"
time="2025-10-23 17:00:20" level=info msg="Key: 'CreateVatRateRequest.Month' Error:Field validation for 'Month' failed on the 'required' tag"
time="2025-10-23 17:00:20" level=info msg="Key: 'CreateVatRateRequest.Month' Error:Field validation for 'Month' failed on the 'required' tag"
time="2025-10-23 17:00:20" level=info msg="Key: 'CreateVatRateRequest.Month' Error:Field validation for 'Month' failed on the 'required' tag"
time="2025-10-23 17:00:20" level=info msg="Key: 'CreateVatRateRequest.Month' Error:Field validation for 'Month' failed on the 'required' tag"
time="2025-10-23 17:00:20" level=info msg="Key: 'CreateVatRateRequest.Month' Error:Field validation for 'Month' failed on the 'required' tag"
time="2025-10-23 17:00:21" level=info msg="Key: 'CreateVatRateRequest.Month' Error:Field validation for 'Month' failed on the 'required' tag"
time="2025-10-23 17:00:21" level=info msg="Key: 'CreateVatRateRequest.Month' Error:Field validation for 'Month' failed on the 'required' tag"
time="2025-10-23 17:00:21" level=info msg="Key: 'CreateVatRateRequest.Month' Error:Field validation for 'Month' failed on the 'required' tag"
time="2025-10-23 17:00:21" level=info msg="Key: 'CreateVatRateRequest.Month' Error:Field validation for 'Month' failed on the 'required' tag"
time="2025-10-23 17:00:21" level=info msg="Key: 'CreateVatRateRequest.Month' Error:Field validation for 'Month' failed on the 'required' tag"
time="2025-10-23 17:00:21" level=info msg="Key: 'CreateVatRateRequest.Month' Error:Field validation for 'Month' failed on the 'required' tag"
time="2025-10-23 17:00:21" level=info msg="Key: 'CreateVatRateRequest.Month' Error:Field validation for 'Month' failed on the 'required' tag"
time="2025-10-23 17:00:22" level=info msg="Key: 'CreateVatRateRequest.Month' Error:Field validation for 'Month' failed on the 'required' tag"
time="2025-10-23 17:00:22" level=info msg="Key: 'CreateVatRateRequest.Month' Error:Field validation for 'Month' failed on the 'required' tag"
time="2025-10-23 17:00:22" level=info msg="Key: 'CreateVatRateRequest.Month' Error:Field validation for 'Month' failed on the 'required' tag"
time="2025-10-23 17:00:22" level=info msg="Key: 'CreateVatRateRequest.Month' Error:Field validation for 'Month' failed on the 'required' tag"
time="2025-10-23 17:00:22" level=info msg="Key: 'CreateVatRateRequest.Month' Error:Field validation for 'Month' failed on the 'required' tag"
time="2025-10-23 17:00:22" level=info msg="Key: 'CreateVatRateRequest.Month' Error:Field validation for 'Month' failed on the 'required' tag"
time="2025-10-23 17:00:23" level=info msg="Key: 'CreateVatRateRequest.Month' Error:Field validation for 'Month' failed on the 'required' tag"
time="2025-10-23 17:00:23" level=info msg="Key: 'CreateVatRateRequest.Month' Error:Field validation for 'Month' failed on the 'required' tag"
time="2025-10-23 17:00:23" level=info msg="Key: 'CreateVatRateRequest.Month' Error:Field validation for 'Month' failed on the 'required' tag"
time="2025-10-23 17:00:23" level=info msg="Key: 'CreateVatRateRequest.Month' Error:Field validation for 'Month' failed on the 'required' tag"
time="2025-10-23 17:00:23" level=info msg="Key: 'CreateVatRateRequest.Month' Error:Field validation for 'Month' failed on the 'required' tag"
time="2025-10-23 17:00:23" level=info msg="Key: 'CreateVatRateRequest.Month' Error:Field validation for 'Month' failed on the 'required' tag"
time="2025-10-23 17:00:24" level=info msg="Key: 'CreateVatRateRequest.Month' Error:Field validation for 'Month' failed on the 'required' tag"
time="2025-10-23 17:00:47" level=info msg="shutting down..."
time="2025-10-23 17:01:05" level=warning msg="Key: 'CreateVatRateRequest.Month' Error:Field validation for 'Month' failed on the 'required' tag"
time="2025-10-23 17:01:24" level=info msg="shutting down..."
time="2025-10-24 10:00:13" level=info msg="Scheduler Started"
time="2025-10-24 10:01:01" level=info msg="Scheduler per minute running"
time="2025-10-24 10:02:01" level=info msg="Scheduler per minute running"
time="2025-10-24 10:02:43" level=info msg="shutting down App Scheduler ..."
time="2025-10-24 10:02:43" level=info msg="Scheduler stopped"
time="2025-10-24 10:10:17" level=info msg="Scheduler Started"
time="2025-10-24 10:10:31" level=info msg="shutting down App Scheduler ..."
time="2025-10-24 10:10:31" level=info msg="Scheduler stopped"
time="2025-10-24 10:11:17" level=info msg="Scheduler Started"
time="2025-10-24 10:11:51" level=info msg="shutting down App Scheduler ..."
time="2025-10-24 10:11:51" level=info msg="Scheduler stopped"
time="2025-10-24 10:12:43" level=info msg="Scheduler Started"
time="2025-10-24 10:13:05" level=info msg="Scheduler per minute running"
time="2025-10-24 10:13:26" level=info msg="shutting down App Scheduler ..."
time="2025-10-24 10:13:26" level=info msg="Scheduler stopped"
time="2025-10-24 10:13:34" level=info msg="Scheduler Started"
time="2025-10-24 10:13:35" level=info msg="Scheduler per minute running"
time="2025-10-24 10:13:40" level=info msg="Scheduler per minute running"
time="2025-10-24 10:13:45" level=info msg="Scheduler per minute running"
time="2025-10-24 10:13:50" level=info msg="Scheduler per minute running"
time="2025-10-24 10:13:53" level=info msg="shutting down App Scheduler ..."
time="2025-10-24 10:13:53" level=info msg="Scheduler stopped"
time="2025-10-24 10:13:54" level=info msg="Scheduler Started"
time="2025-10-24 10:13:55" level=info msg="Scheduler per 5 seconds"
time="2025-10-24 10:14:00" level=info msg="Scheduler per 5 seconds"
time="2025-10-24 10:14:05" level=info msg="Scheduler per 5 seconds"
time="2025-10-24 10:14:09" level=info msg="shutting down App Scheduler ..."
time="2025-10-24 10:14:09" level=info msg="Scheduler stopped"
time="2025-10-24 10:15:11" level=info msg="Scheduler Started"
time="2025-10-24 10:15:15" level=info msg="Scheduler per 5 seconds"
time="2025-10-24 10:15:20" level=info msg="Scheduler per 5 seconds"
time="2025-10-24 10:15:25" level=info msg="Scheduler per 5 seconds"
time="2025-10-24 10:15:30" level=info msg="Scheduler per 5 seconds"
time="2025-10-24 10:15:35" level=info msg="Scheduler per 5 seconds"
time="2025-10-24 10:15:40" level=info msg="Scheduler per 5 seconds"
time="2025-10-24 10:15:45" level=info msg="Scheduler per 5 seconds"
time="2025-10-24 10:15:50" level=info msg="Scheduler per 5 seconds"
time="2025-10-24 10:15:55" level=info msg="Scheduler per 5 seconds"
time="2025-10-24 10:16:00" level=info msg="Scheduler per 5 seconds"
time="2025-10-24 10:16:05" level=info msg="Scheduler per 5 seconds"
time="2025-10-24 10:16:10" level=info msg="Scheduler per 5 seconds"
time="2025-10-24 10:16:15" level=info msg="Scheduler per 5 seconds"
time="2025-10-24 10:16:20" level=info msg="Scheduler per 5 seconds"
time="2025-10-24 10:16:25" level=info msg="Scheduler per 5 seconds"
time="2025-10-24 10:16:30" level=info msg="Scheduler per 5 seconds"
time="2025-10-24 10:16:35" level=info msg="Scheduler per 5 seconds"
time="2025-10-24 10:16:40" level=info msg="Scheduler per 5 seconds"
time="2025-10-24 10:16:45" level=info msg="Scheduler per 5 seconds"
time="2025-10-24 10:16:50" level=info msg="Scheduler per 5 seconds"
time="2025-10-24 10:16:55" level=info msg="Scheduler per 5 seconds"
time="2025-10-24 10:17:00" level=info msg="Scheduler per 5 seconds"
time="2025-10-24 10:17:05" level=info msg="Scheduler per 5 seconds"
time="2025-10-24 10:17:10" level=info msg="Scheduler per 5 seconds"
time="2025-10-24 10:17:15" level=info msg="Scheduler per 5 seconds"
time="2025-10-24 10:17:20" level=info msg="Scheduler per 5 seconds"
time="2025-10-24 10:17:25" level=info msg="Scheduler per 5 seconds"
time="2025-10-24 10:17:30" level=info msg="Scheduler per 5 seconds"
time="2025-10-24 10:17:35" level=info msg="Scheduler per 5 seconds"
time="2025-10-24 10:17:40" level=info msg="Scheduler per 5 seconds"
time="2025-10-24 10:17:45" level=info msg="Scheduler per 5 seconds"
time="2025-10-24 10:17:49" level=info msg="shutting down App Scheduler ..."
time="2025-10-24 10:17:49" level=info msg="Scheduler stopped"
time="2025-10-24 11:23:25" level=info msg="Worker 2 started\n"
time="2025-10-24 11:23:25" level=info msg="Worker 0 started\n"
time="2025-10-24 11:23:25" level=info msg="Worker 1 started\n"
time="2025-10-24 11:25:21" level=info msg="no handler for job type: TestJob"
time="2025-10-24 11:25:21" level=info msg="Worker 0 job test failed: no handler for job type: TestJob\n"
time="2025-10-24 11:25:21" level=info msg="Job test re-queued (retry 1/3) after 1s\n"
time="2025-10-24 11:25:22" level=info msg="no handler for job type: TestJob"
time="2025-10-24 11:25:22" level=info msg="Worker 1 job test failed: no handler for job type: TestJob\n"
time="2025-10-24 11:25:22" level=info msg="Job test re-queued (retry 2/3) after 4s\n"
time="2025-10-24 11:25:26" level=info msg="no handler for job type: TestJob"
time="2025-10-24 11:25:26" level=info msg="Worker 2 job test failed: no handler for job type: TestJob\n"
time="2025-10-24 11:25:26" level=info msg="Job test re-queued (retry 3/3) after 9s\n"
time="2025-10-24 11:25:32" level=info msg="no handler for job type: TestJob"
time="2025-10-24 11:25:32" level=info msg="Worker 2 job test failed: no handler for job type: TestJob\n"
time="2025-10-24 11:25:32" level=info msg="Job test re-queued (retry 1/3) after 1s\n"
time="2025-10-24 11:25:33" level=info msg="no handler for job type: TestJob"
time="2025-10-24 11:25:33" level=info msg="Worker 0 job test failed: no handler for job type: TestJob\n"
time="2025-10-24 11:25:33" level=info msg="Job test re-queued (retry 2/3) after 4s\n"
time="2025-10-24 11:25:35" level=info msg="no handler for job type: TestJob"
time="2025-10-24 11:25:35" level=info msg="Worker 1 job test failed: no handler for job type: TestJob\n"
time="2025-10-24 11:25:37" level=info msg="no handler for job type: TestJob"
time="2025-10-24 11:25:37" level=info msg="Worker 2 job test failed: no handler for job type: TestJob\n"
time="2025-10-24 11:25:37" level=info msg="Job test re-queued (retry 3/3) after 9s\n"
time="2025-10-24 11:25:46" level=info msg="no handler for job type: TestJob"
time="2025-10-24 11:25:46" level=info msg="Worker 2 job test failed: no handler for job type: TestJob\n"
time="2025-10-24 11:26:04" level=info msg="Worker 2 started\n"
time="2025-10-24 11:26:04" level=info msg="Worker 0 started\n"
time="2025-10-24 11:26:04" level=info msg="Worker 1 started\n"
time="2025-10-24 11:26:07" level=info msg="shutting down..."
time="2025-10-24 11:26:15" level=info msg="data is {\"id\":\"test\",\"type\":\"test_job\",\"payload\":{\"test\":\"Coba\"},\"created_at\":\"2025-10-24T11:26:15.081882833+07:00\",\"retry\":0,\"max_retry\":3}"
time="2025-10-24 11:26:15" level=info msg="Worker 2 completed job test\n"
time="2025-10-24 11:26:20" level=info msg="data is {\"id\":\"test\",\"type\":\"test_job\",\"payload\":{\"test\":\"Coba\"},\"created_at\":\"2025-10-24T11:26:20.256895447+07:00\",\"retry\":0,\"max_retry\":3}"
time="2025-10-24 11:26:20" level=info msg="Worker 1 completed job test\n"
time="2025-10-24 11:26:21" level=info msg="data is {\"id\":\"test\",\"type\":\"test_job\",\"payload\":{\"test\":\"Coba\"},\"created_at\":\"2025-10-24T11:26:21.122543178+07:00\",\"retry\":0,\"max_retry\":3}"
time="2025-10-24 11:26:21" level=info msg="Worker 0 completed job test\n"
time="2025-10-24 11:26:21" level=info msg="data is {\"id\":\"test\",\"type\":\"test_job\",\"payload\":{\"test\":\"Coba\"},\"created_at\":\"2025-10-24T11:26:21.80328678+07:00\",\"retry\":0,\"max_retry\":3}"
time="2025-10-24 11:26:21" level=info msg="Worker 2 completed job test\n"
time="2025-10-24 11:26:22" level=info msg="data is {\"id\":\"test\",\"type\":\"test_job\",\"payload\":{\"test\":\"Coba\"},\"created_at\":\"2025-10-24T11:26:22.438079043+07:00\",\"retry\":0,\"max_retry\":3}"
time="2025-10-24 11:26:22" level=info msg="Worker 1 completed job test\n"
time="2025-10-24 11:26:23" level=info msg="data is {\"id\":\"test\",\"type\":\"test_job\",\"payload\":{\"test\":\"Coba\"},\"created_at\":\"2025-10-24T11:26:23.158282564+07:00\",\"retry\":0,\"max_retry\":3}"
time="2025-10-24 11:26:23" level=info msg="Worker 0 completed job test\n"
time="2025-10-24 11:26:23" level=info msg="data is {\"id\":\"test\",\"type\":\"test_job\",\"payload\":{\"test\":\"Coba\"},\"created_at\":\"2025-10-24T11:26:23.912222544+07:00\",\"retry\":0,\"max_retry\":3}"
time="2025-10-24 11:26:23" level=info msg="Worker 2 completed job test\n"
time="2025-10-24 11:26:24" level=info msg="data is {\"id\":\"test\",\"type\":\"test_job\",\"payload\":{\"test\":\"Coba\"},\"created_at\":\"2025-10-24T11:26:24.584296076+07:00\",\"retry\":0,\"max_retry\":3}"
time="2025-10-24 11:26:24" level=info msg="Worker 1 completed job test\n"
time="2025-10-24 11:26:25" level=info msg="data is {\"id\":\"test\",\"type\":\"test_job\",\"payload\":{\"test\":\"Coba\"},\"created_at\":\"2025-10-24T11:26:25.289350032+07:00\",\"retry\":0,\"max_retry\":3}"
time="2025-10-24 11:26:25" level=info msg="Worker 0 completed job test\n"
time="2025-10-24 11:26:25" level=info msg="data is {\"id\":\"test\",\"type\":\"test_job\",\"payload\":{\"test\":\"Coba\"},\"created_at\":\"2025-10-24T11:26:25.909055891+07:00\",\"retry\":0,\"max_retry\":3}"
time="2025-10-24 11:26:25" level=info msg="Worker 2 completed job test\n"
time="2025-10-24 11:26:26" level=info msg="data is {\"id\":\"test\",\"type\":\"test_job\",\"payload\":{\"test\":\"Coba\"},\"created_at\":\"2025-10-24T11:26:26.794107267+07:00\",\"retry\":0,\"max_retry\":3}"
time="2025-10-24 11:26:26" level=info msg="Worker 1 completed job test\n"
time="2025-10-24 11:26:27" level=info msg="data is {\"id\":\"test\",\"type\":\"test_job\",\"payload\":{\"test\":\"Coba\"},\"created_at\":\"2025-10-24T11:26:27.684835116+07:00\",\"retry\":0,\"max_retry\":3}"
time="2025-10-24 11:26:27" level=info msg="Worker 0 completed job test\n"
time="2025-10-24 11:26:28" level=info msg="data is {\"id\":\"test\",\"type\":\"test_job\",\"payload\":{\"test\":\"Coba\"},\"created_at\":\"2025-10-24T11:26:28.402799527+07:00\",\"retry\":0,\"max_retry\":3}"
time="2025-10-24 11:26:28" level=info msg="Worker 2 completed job test\n"
time="2025-10-24 11:26:29" level=info msg="data is {\"id\":\"test\",\"type\":\"test_job\",\"payload\":{\"test\":\"Coba\"},\"created_at\":\"2025-10-24T11:26:29.051516171+07:00\",\"retry\":0,\"max_retry\":3}"
time="2025-10-24 11:26:29" level=info msg="Worker 1 completed job test\n"
time="2025-10-24 11:26:29" level=info msg="data is {\"id\":\"test\",\"type\":\"test_job\",\"payload\":{\"test\":\"Coba\"},\"created_at\":\"2025-10-24T11:26:29.607385324+07:00\",\"retry\":0,\"max_retry\":3}"
time="2025-10-24 11:26:29" level=info msg="Worker 0 completed job test\n"
time="2025-10-24 11:26:30" level=info msg="data is {\"id\":\"test\",\"type\":\"test_job\",\"payload\":{\"test\":\"Coba\"},\"created_at\":\"2025-10-24T11:26:30.007007761+07:00\",\"retry\":0,\"max_retry\":3}"
time="2025-10-24 11:26:30" level=info msg="Worker 2 completed job test\n"
time="2025-10-24 11:26:30" level=info msg="data is {\"id\":\"test\",\"type\":\"test_job\",\"payload\":{\"test\":\"Coba\"},\"created_at\":\"2025-10-24T11:26:30.169023092+07:00\",\"retry\":0,\"max_retry\":3}"
time="2025-10-24 11:26:30" level=info msg="Worker 1 completed job test\n"
time="2025-10-24 11:26:30" level=info msg="data is {\"id\":\"test\",\"type\":\"test_job\",\"payload\":{\"test\":\"Coba\"},\"created_at\":\"2025-10-24T11:26:30.313280119+07:00\",\"retry\":0,\"max_retry\":3}"
time="2025-10-24 11:26:30" level=info msg="Worker 0 completed job test\n"
time="2025-10-24 11:26:30" level=info msg="data is {\"id\":\"test\",\"type\":\"test_job\",\"payload\":{\"test\":\"Coba\"},\"created_at\":\"2025-10-24T11:26:30.438964186+07:00\",\"retry\":0,\"max_retry\":3}"
time="2025-10-24 11:26:30" level=info msg="Worker 2 completed job test\n"
time="2025-10-24 11:26:30" level=info msg="data is {\"id\":\"test\",\"type\":\"test_job\",\"payload\":{\"test\":\"Coba\"},\"created_at\":\"2025-10-24T11:26:30.63383721+07:00\",\"retry\":0,\"max_retry\":3}"
time="2025-10-24 11:26:30" level=info msg="Worker 1 completed job test\n"
time="2025-10-24 11:26:30" level=info msg="data is {\"id\":\"test\",\"type\":\"test_job\",\"payload\":{\"test\":\"Coba\"},\"created_at\":\"2025-10-24T11:26:30.73370202+07:00\",\"retry\":0,\"max_retry\":3}"
time="2025-10-24 11:26:30" level=info msg="Worker 0 completed job test\n"
time="2025-10-24 11:26:30" level=info msg="data is {\"id\":\"test\",\"type\":\"test_job\",\"payload\":{\"test\":\"Coba\"},\"created_at\":\"2025-10-24T11:26:30.965283959+07:00\",\"retry\":0,\"max_retry\":3}"
time="2025-10-24 11:26:30" level=info msg="Worker 2 completed job test\n"
time="2025-10-24 11:26:41" level=info msg="Worker 2 started\n"
time="2025-10-24 11:26:41" level=info msg="Worker 0 started\n"
time="2025-10-24 11:26:41" level=info msg="Worker 1 started\n"
time="2025-10-24 11:26:59" level=info msg="shutting down..."
time="2025-10-24 11:27:38" level=info msg="Worker 2 started\n"
time="2025-10-24 11:27:38" level=info msg="Worker 1 started\n"
time="2025-10-24 11:27:38" level=info msg="Worker 0 started\n"
time="2025-10-24 11:27:45" level=info msg="job id %!d(string=test) with payload map[test:Coba]"
time="2025-10-24 11:27:45" level=info msg="Worker 1 completed job test\n"
time="2025-10-24 11:27:53" level=info msg="job id %!d(string=test) with payload map[test:Coba]"
time="2025-10-24 11:27:53" level=info msg="Worker 1 completed job test\n"
time="2025-10-24 11:28:14" level=info msg="Worker 2 started\n"
time="2025-10-24 11:28:14" level=info msg="Worker 1 started\n"
time="2025-10-24 11:28:14" level=info msg="Worker 0 started\n"
time="2025-10-24 11:28:16" level=info msg="job id test with payload map[test:Coba]"
time="2025-10-24 11:28:16" level=info msg="Worker 1 completed job test\n"
time="2025-10-24 11:28:20" level=info msg="job id test with payload map[test:Coba]"
time="2025-10-24 11:28:20" level=info msg="Worker 1 completed job test\n"
time="2025-10-24 11:28:23" level=info msg="job id test with payload map[test:Coba]"
time="2025-10-24 11:28:23" level=info msg="Worker 0 completed job test\n"
time="2025-10-24 11:28:26" level=info msg="job id test with payload map[test:Coba]"
time="2025-10-24 11:28:26" level=info msg="Worker 0 completed job test\n"
time="2025-10-24 11:29:18" level=info msg="shutting down..."
time="2025-10-24 11:31:37" level=info msg="shutting down..."
